{"meta": {"format": 3, "version": "7.10.7", "timestamp": "2025-10-03T10:46:33.655445", "branch_coverage": false, "show_contexts": false}, "files": {"bot/__init__.py": {"executed_lines": [1, 3, 5], "summary": {"covered_lines": 2, "num_statements": 2, "percent_covered": 100.0, "percent_covered_display": "100", "missing_lines": 0, "excluded_lines": 0}, "missing_lines": [], "excluded_lines": [], "functions": {"": {"executed_lines": [1, 3, 5], "summary": {"covered_lines": 2, "num_statements": 2, "percent_covered": 100.0, "percent_covered_display": "100", "missing_lines": 0, "excluded_lines": 0}, "missing_lines": [], "excluded_lines": []}}, "classes": {"": {"executed_lines": [1, 3, 5], "summary": {"covered_lines": 2, "num_statements": 2, "percent_covered": 100.0, "percent_covered_display": "100", "missing_lines": 0, "excluded_lines": 0}, "missing_lines": [], "excluded_lines": []}}}, "bot/api.py": {"executed_lines": [1, 7, 8, 9, 10, 11, 12, 13, 14, 16, 17, 18, 19, 20, 22, 23, 31, 33, 36, 37, 38, 41, 42, 43, 46, 57, 58, 59, 64, 67, 80, 81, 82, 83, 84, 85, 86, 89, 99, 101, 104, 111, 115, 116, 118, 119, 120, 122, 123, 125, 126, 132, 133, 134, 135, 136, 137, 138, 142, 144, 145, 146, 148, 153, 161, 173, 174, 226, 227, 232, 244, 257, 258, 259, 261, 262, 264, 265, 267, 270, 283, 284, 286, 288, 291, 292, 293, 295, 296, 298, 299, 300, 301, 303, 304, 309, 310, 316, 317, 318, 321, 322, 323, 324, 327, 333, 334, 337, 338, 354, 355, 356, 357, 360, 361, 362, 363, 364, 365, 368, 371, 373, 386, 394, 395, 406, 411, 413, 414, 415, 417, 418, 423, 425, 430, 431, 432, 438, 448, 449, 451, 453, 454, 455, 460, 461, 462, 463, 469, 470, 473, 475, 476, 482, 484, 497, 585, 659, 673, 674, 676, 678, 681, 682, 683, 684, 685, 686, 687, 688, 689, 690, 691, 692, 693, 695, 696, 699, 700, 707, 725, 726, 743, 749, 750, 767, 777, 778, 780, 782, 785, 786, 787, 789, 790, 795, 796, 801, 802, 805, 806, 813, 820, 821, 826, 828, 829, 832, 834, 835, 847, 853, 854, 856, 858, 861, 862, 864, 865, 905, 912, 913, 915, 917, 964, 965, 977, 983, 984, 986, 988, 991, 992, 994, 995, 1020, 1021, 1033, 1039, 1040, 1042, 1044, 1072, 1073, 1090, 1097, 1098, 1100, 1102, 1149, 1150, 1162, 1164, 1167, 1177, 1180, 1181, 1184, 1194, 1212, 1213, 1216, 1217, 1218, 1220, 1222, 1224, 1227], "summary": {"covered_lines": 266, "num_statements": 454, "percent_covered": 58.590308370044056, "percent_covered_display": "59", "missing_lines": 188, "excluded_lines": 0}, "missing_lines": [106, 107, 108, 109, 110, 112, 140, 155, 156, 158, 175, 176, 179, 180, 181, 184, 187, 188, 189, 190, 192, 194, 197, 200, 201, 204, 206, 216, 220, 221, 222, 223, 224, 234, 235, 241, 339, 348, 369, 396, 397, 398, 399, 400, 489, 490, 491, 508, 509, 511, 513, 515, 516, 519, 521, 522, 528, 530, 531, 537, 540, 543, 568, 572, 573, 577, 578, 579, 596, 597, 599, 601, 604, 605, 606, 607, 612, 613, 616, 618, 619, 625, 627, 628, 634, 636, 641, 646, 647, 651, 652, 653, 701, 727, 728, 754, 755, 759, 760, 761, 807, 823, 824, 830, 839, 840, 841, 870, 871, 874, 875, 876, 882, 888, 890, 892, 893, 897, 898, 899, 920, 921, 923, 924, 927, 928, 929, 935, 942, 943, 944, 945, 958, 969, 970, 971, 1000, 1001, 1004, 1005, 1006, 1012, 1013, 1015, 1025, 1026, 1027, 1047, 1049, 1050, 1053, 1054, 1055, 1061, 1062, 1064, 1065, 1070, 1077, 1078, 1082, 1083, 1084, 1105, 1106, 1108, 1109, 1112, 1113, 1114, 1120, 1127, 1128, 1129, 1130, 1143, 1154, 1155, 1156, 1241, 1242, 1243, 1245, 1246, 1248, 1251, 1252, 1254], "excluded_lines": [], "functions": {"create_jwt_token": {"executed_lines": [57, 58, 59, 64], "summary": {"covered_lines": 4, "num_statements": 4, "percent_covered": 100.0, "percent_covered_display": "100", "missing_lines": 0, "excluded_lines": 0}, "missing_lines": [], "excluded_lines": []}, "verify_jwt_token": {"executed_lines": [80, 81, 82, 83, 84, 85, 86], "summary": {"covered_lines": 7, "num_statements": 7, "percent_covered": 100.0, "percent_covered_display": "100", "missing_lines": 0, "excluded_lines": 0}, "missing_lines": [], "excluded_lines": []}, "optimize_image": {"executed_lines": [99, 101, 104, 111, 115, 116, 118, 119, 120, 122, 123, 125, 126, 132, 133, 134, 135, 136, 137, 138, 142, 144, 145, 146, 148, 153], "summary": {"covered_lines": 26, "num_statements": 36, "percent_covered": 72.22222222222223, "percent_covered_display": "72", "missing_lines": 10, "excluded_lines": 0}, "missing_lines": [106, 107, 108, 109, 110, 112, 140, 155, 156, 158], "excluded_lines": []}, "calculate_nsfw_score": {"executed_lines": [173, 174, 226, 227, 232], "summary": {"covered_lines": 5, "num_statements": 31, "percent_covered": 16.129032258064516, "percent_covered_display": "16", "missing_lines": 26, "excluded_lines": 0}, "missing_lines": [175, 176, 179, 180, 181, 184, 187, 188, 189, 190, 192, 194, 197, 200, 201, 204, 206, 216, 220, 221, 222, 223, 224, 234, 235, 241], "excluded_lines": []}, "authenticate_request": {"executed_lines": [257, 258, 259, 261, 262, 264, 265, 267], "summary": {"covered_lines": 8, "num_statements": 8, "percent_covered": 100.0, "percent_covered_display": "100", "missing_lines": 0, "excluded_lines": 0}, "missing_lines": [], "excluded_lines": []}, "upload_photo_handler": {"executed_lines": [283, 284, 286, 288, 291, 292, 293, 295, 296, 298, 299, 300, 301, 303, 304, 309, 310, 316, 317, 318, 321, 322, 323, 324, 327, 333, 334, 337, 338, 354, 355, 356, 357, 360, 361, 362, 363, 364, 365, 368, 371, 373, 386, 394, 395], "summary": {"covered_lines": 45, "num_statements": 53, "percent_covered": 84.90566037735849, "percent_covered_display": "85", "missing_lines": 8, "excluded_lines": 0}, "missing_lines": [339, 348, 369, 396, 397, 398, 399, 400], "excluded_lines": []}, "generate_token_handler": {"executed_lines": [411, 413, 414, 415, 417, 418, 423, 425, 430, 431, 432], "summary": {"covered_lines": 11, "num_statements": 11, "percent_covered": 100.0, "percent_covered_display": "100", "missing_lines": 0, "excluded_lines": 0}, "missing_lines": [], "excluded_lines": []}, "check_profile_handler": {"executed_lines": [448, 449, 451, 453, 454, 455, 460, 461, 462, 463, 469, 470, 473, 475, 476, 482, 484], "summary": {"covered_lines": 17, "num_statements": 20, "percent_covered": 85.0, "percent_covered_display": "85", "missing_lines": 3, "excluded_lines": 0}, "missing_lines": [489, 490, 491], "excluded_lines": []}, "get_profile_handler": {"executed_lines": [], "summary": {"covered_lines": 0, "num_statements": 21, "percent_covered": 0.0, "percent_covered_display": "0", "missing_lines": 21, "excluded_lines": 0}, "missing_lines": [508, 509, 511, 513, 515, 516, 519, 521, 522, 528, 530, 531, 537, 540, 543, 568, 572, 573, 577, 578, 579], "excluded_lines": []}, "update_profile_handler": {"executed_lines": [], "summary": {"covered_lines": 0, "num_statements": 24, "percent_covered": 0.0, "percent_covered_display": "0", "missing_lines": 24, "excluded_lines": 0}, "missing_lines": [596, 597, 599, 601, 604, 605, 606, 607, 612, 613, 616, 618, 619, 625, 627, 628, 634, 636, 641, 646, 647, 651, 652, 653], "excluded_lines": []}, "discover_handler": {"executed_lines": [673, 674, 676, 678, 681, 682, 683, 684, 685, 686, 687, 688, 689, 690, 691, 692, 693, 695, 696, 699, 700, 707, 725, 726, 743, 749, 750], "summary": {"covered_lines": 27, "num_statements": 35, "percent_covered": 77.14285714285714, "percent_covered_display": "77", "missing_lines": 8, "excluded_lines": 0}, "missing_lines": [701, 727, 728, 754, 755, 759, 760, 761], "excluded_lines": []}, "like_handler": {"executed_lines": [777, 778, 780, 782, 785, 786, 787, 789, 790, 795, 796, 801, 802, 805, 806, 813, 820, 821, 826, 828, 829, 832, 834, 835], "summary": {"covered_lines": 24, "num_statements": 31, "percent_covered": 77.41935483870968, "percent_covered_display": "77", "missing_lines": 7, "excluded_lines": 0}, "missing_lines": [807, 823, 824, 830, 839, 840, 841], "excluded_lines": []}, "pass_handler": {"executed_lines": [853, 854, 856, 858, 861, 862, 864, 865], "summary": {"covered_lines": 8, "num_statements": 21, "percent_covered": 38.095238095238095, "percent_covered_display": "38", "missing_lines": 13, "excluded_lines": 0}, "missing_lines": [870, 871, 874, 875, 876, 882, 888, 890, 892, 893, 897, 898, 899], "excluded_lines": []}, "matches_handler": {"executed_lines": [912, 913, 915, 917, 964, 965], "summary": {"covered_lines": 6, "num_statements": 22, "percent_covered": 27.272727272727273, "percent_covered_display": "27", "missing_lines": 16, "excluded_lines": 0}, "missing_lines": [920, 921, 923, 924, 927, 928, 929, 935, 942, 943, 944, 945, 958, 969, 970, 971], "excluded_lines": []}, "add_favorite_handler": {"executed_lines": [983, 984, 986, 988, 991, 992, 994, 995, 1020, 1021], "summary": {"covered_lines": 10, "num_statements": 21, "percent_covered": 47.61904761904762, "percent_covered_display": "48", "missing_lines": 11, "excluded_lines": 0}, "missing_lines": [1000, 1001, 1004, 1005, 1006, 1012, 1013, 1015, 1025, 1026, 1027], "excluded_lines": []}, "remove_favorite_handler": {"executed_lines": [1039, 1040, 1042, 1044, 1072, 1073], "summary": {"covered_lines": 6, "num_statements": 22, "percent_covered": 27.272727272727273, "percent_covered_display": "27", "missing_lines": 16, "excluded_lines": 0}, "missing_lines": [1047, 1049, 1050, 1053, 1054, 1055, 1061, 1062, 1064, 1065, 1070, 1077, 1078, 1082, 1083, 1084], "excluded_lines": []}, "get_favorites_handler": {"executed_lines": [1097, 1098, 1100, 1102, 1149, 1150], "summary": {"covered_lines": 6, "num_statements": 22, "percent_covered": 27.272727272727273, "percent_covered_display": "27", "missing_lines": 16, "excluded_lines": 0}, "missing_lines": [1105, 1106, 1108, 1109, 1112, 1113, 1114, 1120, 1127, 1128, 1129, 1130, 1143, 1154, 1155, 1156], "excluded_lines": []}, "health_check_handler": {"executed_lines": [1164], "summary": {"covered_lines": 1, "num_statements": 1, "percent_covered": 100.0, "percent_covered_display": "100", "missing_lines": 0, "excluded_lines": 0}, "missing_lines": [], "excluded_lines": []}, "create_app": {"executed_lines": [1177, 1180, 1181, 1184, 1194, 1212, 1213, 1216, 1217, 1218, 1220, 1222, 1224], "summary": {"covered_lines": 13, "num_statements": 13, "percent_covered": 100.0, "percent_covered_display": "100", "missing_lines": 0, "excluded_lines": 0}, "missing_lines": [], "excluded_lines": []}, "run_api_server": {"executed_lines": [], "summary": {"covered_lines": 0, "num_statements": 9, "percent_covered": 0.0, "percent_covered_display": "0", "missing_lines": 9, "excluded_lines": 0}, "missing_lines": [1241, 1242, 1243, 1245, 1246, 1248, 1251, 1252, 1254], "excluded_lines": []}, "": {"executed_lines": [1, 7, 8, 9, 10, 11, 12, 13, 14, 16, 17, 18, 19, 20, 22, 23, 31, 33, 36, 37, 38, 41, 42, 43, 46, 67, 89, 161, 244, 270, 406, 438, 497, 585, 659, 767, 847, 905, 977, 1033, 1090, 1162, 1167, 1227], "summary": {"covered_lines": 42, "num_statements": 42, "percent_covered": 100.0, "percent_covered_display": "100", "missing_lines": 0, "excluded_lines": 0}, "missing_lines": [], "excluded_lines": []}}, "classes": {"AuthenticationError": {"executed_lines": [], "summary": {"covered_lines": 0, "num_statements": 0, "percent_covered": 100.0, "percent_covered_display": "100", "missing_lines": 0, "excluded_lines": 0}, "missing_lines": [], "excluded_lines": []}, "": {"executed_lines": [1, 7, 8, 9, 10, 11, 12, 13, 14, 16, 17, 18, 19, 20, 22, 23, 31, 33, 36, 37, 38, 41, 42, 43, 46, 57, 58, 59, 64, 67, 80, 81, 82, 83, 84, 85, 86, 89, 99, 101, 104, 111, 115, 116, 118, 119, 120, 122, 123, 125, 126, 132, 133, 134, 135, 136, 137, 138, 142, 144, 145, 146, 148, 153, 161, 173, 174, 226, 227, 232, 244, 257, 258, 259, 261, 262, 264, 265, 267, 270, 283, 284, 286, 288, 291, 292, 293, 295, 296, 298, 299, 300, 301, 303, 304, 309, 310, 316, 317, 318, 321, 322, 323, 324, 327, 333, 334, 337, 338, 354, 355, 356, 357, 360, 361, 362, 363, 364, 365, 368, 371, 373, 386, 394, 395, 406, 411, 413, 414, 415, 417, 418, 423, 425, 430, 431, 432, 438, 448, 449, 451, 453, 454, 455, 460, 461, 462, 463, 469, 470, 473, 475, 476, 482, 484, 497, 585, 659, 673, 674, 676, 678, 681, 682, 683, 684, 685, 686, 687, 688, 689, 690, 691, 692, 693, 695, 696, 699, 700, 707, 725, 726, 743, 749, 750, 767, 777, 778, 780, 782, 785, 786, 787, 789, 790, 795, 796, 801, 802, 805, 806, 813, 820, 821, 826, 828, 829, 832, 834, 835, 847, 853, 854, 856, 858, 861, 862, 864, 865, 905, 912, 913, 915, 917, 964, 965, 977, 983, 984, 986, 988, 991, 992, 994, 995, 1020, 1021, 1033, 1039, 1040, 1042, 1044, 1072, 1073, 1090, 1097, 1098, 1100, 1102, 1149, 1150, 1162, 1164, 1167, 1177, 1180, 1181, 1184, 1194, 1212, 1213, 1216, 1217, 1218, 1220, 1222, 1224, 1227], "summary": {"covered_lines": 266, "num_statements": 454, "percent_covered": 58.590308370044056, "percent_covered_display": "59", "missing_lines": 188, "excluded_lines": 0}, "missing_lines": [106, 107, 108, 109, 110, 112, 140, 155, 156, 158, 175, 176, 179, 180, 181, 184, 187, 188, 189, 190, 192, 194, 197, 200, 201, 204, 206, 216, 220, 221, 222, 223, 224, 234, 235, 241, 339, 348, 369, 396, 397, 398, 399, 400, 489, 490, 491, 508, 509, 511, 513, 515, 516, 519, 521, 522, 528, 530, 531, 537, 540, 543, 568, 572, 573, 577, 578, 579, 596, 597, 599, 601, 604, 605, 606, 607, 612, 613, 616, 618, 619, 625, 627, 628, 634, 636, 641, 646, 647, 651, 652, 653, 701, 727, 728, 754, 755, 759, 760, 761, 807, 823, 824, 830, 839, 840, 841, 870, 871, 874, 875, 876, 882, 888, 890, 892, 893, 897, 898, 899, 920, 921, 923, 924, 927, 928, 929, 935, 942, 943, 944, 945, 958, 969, 970, 971, 1000, 1001, 1004, 1005, 1006, 1012, 1013, 1015, 1025, 1026, 1027, 1047, 1049, 1050, 1053, 1054, 1055, 1061, 1062, 1064, 1065, 1070, 1077, 1078, 1082, 1083, 1084, 1105, 1106, 1108, 1109, 1112, 1113, 1114, 1120, 1127, 1128, 1129, 1130, 1143, 1154, 1155, 1156, 1241, 1242, 1243, 1245, 1246, 1248, 1251, 1252, 1254], "excluded_lines": []}}}, "bot/cache.py": {"executed_lines": [1, 7, 8, 9, 11, 14, 15, 17, 19, 20, 21, 23, 32, 33, 34, 36, 39, 40, 41, 42, 44, 45, 47, 55, 56, 57, 59, 65, 66, 67, 69, 78, 79, 80, 82, 83, 85, 87, 89, 90, 92, 98, 99, 101, 108, 114, 115, 117, 118, 120, 121, 123, 127, 130, 137, 138, 139], "summary": {"covered_lines": 55, "num_statements": 55, "percent_covered": 100.0, "percent_covered_display": "100", "missing_lines": 0, "excluded_lines": 0}, "missing_lines": [], "excluded_lines": [], "functions": {"Cache.__init__": {"executed_lines": [19, 20, 21], "summary": {"covered_lines": 3, "num_statements": 3, "percent_covered": 100.0, "percent_covered_display": "100", "missing_lines": 0, "excluded_lines": 0}, "missing_lines": [], "excluded_lines": []}, "Cache.get": {"executed_lines": [32, 33, 34, 36, 39, 40, 41, 42, 44, 45], "summary": {"covered_lines": 10, "num_statements": 10, "percent_covered": 100.0, "percent_covered_display": "100", "missing_lines": 0, "excluded_lines": 0}, "missing_lines": [], "excluded_lines": []}, "Cache.set": {"executed_lines": [55, 56, 57], "summary": {"covered_lines": 3, "num_statements": 3, "percent_covered": 100.0, "percent_covered_display": "100", "missing_lines": 0, "excluded_lines": 0}, "missing_lines": [], "excluded_lines": []}, "Cache.delete": {"executed_lines": [65, 66, 67], "summary": {"covered_lines": 3, "num_statements": 3, "percent_covered": 100.0, "percent_covered_display": "100", "missing_lines": 0, "excluded_lines": 0}, "missing_lines": [], "excluded_lines": []}, "Cache.delete_pattern": {"executed_lines": [78, 79, 80, 82, 83, 85], "summary": {"covered_lines": 6, "num_statements": 6, "percent_covered": 100.0, "percent_covered_display": "100", "missing_lines": 0, "excluded_lines": 0}, "missing_lines": [], "excluded_lines": []}, "Cache.clear": {"executed_lines": [89, 90], "summary": {"covered_lines": 2, "num_statements": 2, "percent_covered": 100.0, "percent_covered_display": "100", "missing_lines": 0, "excluded_lines": 0}, "missing_lines": [], "excluded_lines": []}, "Cache.get_stats": {"executed_lines": [98, 99, 101], "summary": {"covered_lines": 3, "num_statements": 3, "percent_covered": 100.0, "percent_covered_display": "100", "missing_lines": 0, "excluded_lines": 0}, "missing_lines": [], "excluded_lines": []}, "Cache.cleanup_expired": {"executed_lines": [114, 115, 117, 118, 120, 121, 123], "summary": {"covered_lines": 7, "num_statements": 7, "percent_covered": 100.0, "percent_covered_display": "100", "missing_lines": 0, "excluded_lines": 0}, "missing_lines": [], "excluded_lines": []}, "get_cache": {"executed_lines": [137, 138, 139], "summary": {"covered_lines": 3, "num_statements": 3, "percent_covered": 100.0, "percent_covered_display": "100", "missing_lines": 0, "excluded_lines": 0}, "missing_lines": [], "excluded_lines": []}, "": {"executed_lines": [1, 7, 8, 9, 11, 14, 15, 17, 23, 47, 59, 69, 87, 92, 108, 127, 130], "summary": {"covered_lines": 15, "num_statements": 15, "percent_covered": 100.0, "percent_covered_display": "100", "missing_lines": 0, "excluded_lines": 0}, "missing_lines": [], "excluded_lines": []}}, "classes": {"Cache": {"executed_lines": [19, 20, 21, 32, 33, 34, 36, 39, 40, 41, 42, 44, 45, 55, 56, 57, 65, 66, 67, 78, 79, 80, 82, 83, 85, 89, 90, 98, 99, 101, 114, 115, 117, 118, 120, 121, 123], "summary": {"covered_lines": 37, "num_statements": 37, "percent_covered": 100.0, "percent_covered_display": "100", "missing_lines": 0, "excluded_lines": 0}, "missing_lines": [], "excluded_lines": []}, "": {"executed_lines": [1, 7, 8, 9, 11, 14, 15, 17, 23, 47, 59, 69, 87, 92, 108, 127, 130, 137, 138, 139], "summary": {"covered_lines": 18, "num_statements": 18, "percent_covered": 100.0, "percent_covered_display": "100", "missing_lines": 0, "excluded_lines": 0}, "missing_lines": [], "excluded_lines": []}}}, "bot/config.py": {"executed_lines": [1, 3, 5, 6, 7, 8, 10, 11, 14, 15, 16, 18, 19, 20, 21, 22, 23, 24, 27, 37, 38, 39, 42, 43, 44, 47, 60, 61, 62, 71, 72, 79, 80, 81, 84, 85, 87, 89, 90, 91, 98, 99, 100, 102, 107, 108, 109, 110, 111, 112, 114, 116, 117, 118, 129, 130, 139, 140, 146, 147, 149, 150, 153, 154, 157, 158, 163, 164, 167, 168, 171, 172, 173, 174, 175, 176, 177, 178, 179, 181], "summary": {"covered_lines": 78, "num_statements": 79, "percent_covered": 98.73417721518987, "percent_covered_display": "99", "missing_lines": 1, "excluded_lines": 2}, "missing_lines": [123], "excluded_lines": [131, 132], "functions": {"load_config": {"executed_lines": [37, 38, 39, 42, 43, 44, 47, 60, 61, 62, 71, 72, 79, 80, 81, 84, 85, 87, 89, 90, 91, 98, 99, 100, 102, 107, 108, 109, 110, 111, 112, 114, 116, 117, 118, 129, 130, 139, 140, 146, 147, 149, 150, 153, 154, 157, 158, 163, 164, 167, 168, 171, 172, 173, 174, 175, 176, 177, 178, 179, 181], "summary": {"covered_lines": 61, "num_statements": 62, "percent_covered": 98.38709677419355, "percent_covered_display": "98", "missing_lines": 1, "excluded_lines": 2}, "missing_lines": [123], "excluded_lines": [131, 132]}, "": {"executed_lines": [1, 3, 5, 6, 7, 8, 10, 11, 14, 15, 16, 18, 19, 20, 21, 22, 23, 24, 27], "summary": {"covered_lines": 17, "num_statements": 17, "percent_covered": 100.0, "percent_covered_display": "100", "missing_lines": 0, "excluded_lines": 0}, "missing_lines": [], "excluded_lines": []}}, "classes": {"BotConfig": {"executed_lines": [], "summary": {"covered_lines": 0, "num_statements": 0, "percent_covered": 100.0, "percent_covered_display": "100", "missing_lines": 0, "excluded_lines": 0}, "missing_lines": [], "excluded_lines": []}, "": {"executed_lines": [1, 3, 5, 6, 7, 8, 10, 11, 14, 15, 16, 18, 19, 20, 21, 22, 23, 24, 27, 37, 38, 39, 42, 43, 44, 47, 60, 61, 62, 71, 72, 79, 80, 81, 84, 85, 87, 89, 90, 91, 98, 99, 100, 102, 107, 108, 109, 110, 111, 112, 114, 116, 117, 118, 129, 130, 139, 140, 146, 147, 149, 150, 153, 154, 157, 158, 163, 164, 167, 168, 171, 172, 173, 174, 175, 176, 177, 178, 179, 181], "summary": {"covered_lines": 78, "num_statements": 79, "percent_covered": 98.73417721518987, "percent_covered_display": "99", "missing_lines": 1, "excluded_lines": 2}, "missing_lines": [123], "excluded_lines": [131, 132]}}}, "bot/db.py": {"executed_lines": [1, 3, 4, 5, 7, 21, 22, 25, 26, 27, 30, 31, 32, 33, 34, 37, 38, 39, 40, 41, 44, 45, 46, 47, 48, 49, 50, 51, 54, 55, 56, 57, 58, 59, 60, 63, 64, 65, 67, 68, 69, 70, 71, 72, 73, 74, 75, 80, 81, 82, 84, 85, 90, 91, 92, 93, 94, 95, 98, 101, 102, 103, 104, 105, 106, 109, 110, 111, 112, 113, 116, 117, 118, 119, 124, 125, 128, 129, 134, 153, 154, 155, 157, 158, 159, 160, 163, 166, 167, 168, 169, 172, 175, 177, 184, 185, 186, 187, 188, 191, 192, 193, 195, 196, 197, 198, 201, 202, 206, 218, 219, 220, 222, 223, 224, 227, 229, 237, 238, 239, 241, 242, 243, 246, 248], "summary": {"covered_lines": 112, "num_statements": 112, "percent_covered": 100.0, "percent_covered_display": "100", "missing_lines": 0, "excluded_lines": 0}, "missing_lines": [], "excluded_lines": [], "functions": {"": {"executed_lines": [1, 3, 4, 5, 7, 21, 22, 25, 26, 27, 30, 31, 32, 33, 34, 37, 38, 39, 40, 41, 44, 45, 46, 47, 48, 49, 50, 51, 54, 55, 56, 57, 58, 59, 60, 63, 64, 65, 67, 68, 69, 70, 71, 72, 73, 74, 75, 80, 81, 82, 84, 85, 90, 91, 92, 93, 94, 95, 98, 101, 102, 103, 104, 105, 106, 109, 110, 111, 112, 113, 116, 117, 118, 119, 124, 125, 128, 129, 134, 153, 154, 155, 157, 158, 159, 160, 163, 166, 167, 168, 169, 172, 175, 177, 184, 185, 186, 187, 188, 191, 192, 193, 195, 196, 197, 198, 201, 202, 206, 218, 219, 220, 222, 223, 224, 227, 229, 237, 238, 239, 241, 242, 243, 246, 248], "summary": {"covered_lines": 112, "num_statements": 112, "percent_covered": 100.0, "percent_covered_display": "100", "missing_lines": 0, "excluded_lines": 0}, "missing_lines": [], "excluded_lines": []}}, "classes": {"Base": {"executed_lines": [], "summary": {"covered_lines": 0, "num_statements": 0, "percent_covered": 100.0, "percent_covered_display": "100", "missing_lines": 0, "excluded_lines": 0}, "missing_lines": [], "excluded_lines": []}, "Gender": {"executed_lines": [], "summary": {"covered_lines": 0, "num_statements": 0, "percent_covered": 100.0, "percent_covered_display": "100", "missing_lines": 0, "excluded_lines": 0}, "missing_lines": [], "excluded_lines": []}, "Orientation": {"executed_lines": [], "summary": {"covered_lines": 0, "num_statements": 0, "percent_covered": 100.0, "percent_covered_display": "100", "missing_lines": 0, "excluded_lines": 0}, "missing_lines": [], "excluded_lines": []}, "Goal": {"executed_lines": [], "summary": {"covered_lines": 0, "num_statements": 0, "percent_covered": 100.0, "percent_covered_display": "100", "missing_lines": 0, "excluded_lines": 0}, "missing_lines": [], "excluded_lines": []}, "Education": {"executed_lines": [], "summary": {"covered_lines": 0, "num_statements": 0, "percent_covered": 100.0, "percent_covered_display": "100", "missing_lines": 0, "excluded_lines": 0}, "missing_lines": [], "excluded_lines": []}, "User": {"executed_lines": [], "summary": {"covered_lines": 0, "num_statements": 0, "percent_covered": 100.0, "percent_covered_display": "100", "missing_lines": 0, "excluded_lines": 0}, "missing_lines": [], "excluded_lines": []}, "Profile": {"executed_lines": [], "summary": {"covered_lines": 0, "num_statements": 0, "percent_covered": 100.0, "percent_covered_display": "100", "missing_lines": 0, "excluded_lines": 0}, "missing_lines": [], "excluded_lines": []}, "Photo": {"executed_lines": [], "summary": {"covered_lines": 0, "num_statements": 0, "percent_covered": 100.0, "percent_covered_display": "100", "missing_lines": 0, "excluded_lines": 0}, "missing_lines": [], "excluded_lines": []}, "InteractionType": {"executed_lines": [], "summary": {"covered_lines": 0, "num_statements": 0, "percent_covered": 100.0, "percent_covered_display": "100", "missing_lines": 0, "excluded_lines": 0}, "missing_lines": [], "excluded_lines": []}, "Interaction": {"executed_lines": [], "summary": {"covered_lines": 0, "num_statements": 0, "percent_covered": 100.0, "percent_covered_display": "100", "missing_lines": 0, "excluded_lines": 0}, "missing_lines": [], "excluded_lines": []}, "Match": {"executed_lines": [], "summary": {"covered_lines": 0, "num_statements": 0, "percent_covered": 100.0, "percent_covered_display": "100", "missing_lines": 0, "excluded_lines": 0}, "missing_lines": [], "excluded_lines": []}, "Favorite": {"executed_lines": [], "summary": {"covered_lines": 0, "num_statements": 0, "percent_covered": 100.0, "percent_covered_display": "100", "missing_lines": 0, "excluded_lines": 0}, "missing_lines": [], "excluded_lines": []}, "": {"executed_lines": [1, 3, 4, 5, 7, 21, 22, 25, 26, 27, 30, 31, 32, 33, 34, 37, 38, 39, 40, 41, 44, 45, 46, 47, 48, 49, 50, 51, 54, 55, 56, 57, 58, 59, 60, 63, 64, 65, 67, 68, 69, 70, 71, 72, 73, 74, 75, 80, 81, 82, 84, 85, 90, 91, 92, 93, 94, 95, 98, 101, 102, 103, 104, 105, 106, 109, 110, 111, 112, 113, 116, 117, 118, 119, 124, 125, 128, 129, 134, 153, 154, 155, 157, 158, 159, 160, 163, 166, 167, 168, 169, 172, 175, 177, 184, 185, 186, 187, 188, 191, 192, 193, 195, 196, 197, 198, 201, 202, 206, 218, 219, 220, 222, 223, 224, 227, 229, 237, 238, 239, 241, 242, 243, 246, 248], "summary": {"covered_lines": 112, "num_statements": 112, "percent_covered": 100.0, "percent_covered_display": "100", "missing_lines": 0, "excluded_lines": 0}, "missing_lines": [], "excluded_lines": []}}}, "bot/geo.py": {"executed_lines": [1, 6, 7, 9, 12, 26, 28, 29, 31, 32, 33, 34, 36, 37, 39, 40, 41, 42, 44, 47, 48, 49, 50, 52, 54, 55, 57, 58, 59, 60, 62, 65, 74, 84, 87, 100, 101, 103, 106, 109, 110, 112, 113, 115, 118, 129, 144, 145, 146, 147, 150, 152, 154, 155, 160, 161, 163, 172, 192, 193, 195, 196, 198, 207, 215, 221, 223, 233], "summary": {"covered_lines": 67, "num_statements": 69, "percent_covered": 97.10144927536231, "percent_covered_display": "97", "missing_lines": 2, "excluded_lines": 0}, "missing_lines": [104, 107], "excluded_lines": [], "functions": {"encode_geohash": {"executed_lines": [26, 28, 29, 31, 32, 33, 34, 36, 37, 39, 40, 41, 42, 44, 47, 48, 49, 50, 52, 54, 55, 57, 58, 59, 60, 62], "summary": {"covered_lines": 26, "num_statements": 26, "percent_covered": 100.0, "percent_covered_display": "100", "missing_lines": 0, "excluded_lines": 0}, "missing_lines": [], "excluded_lines": []}, "get_location_precision": {"executed_lines": [74, 84], "summary": {"covered_lines": 2, "num_statements": 2, "percent_covered": 100.0, "percent_covered_display": "100", "missing_lines": 0, "excluded_lines": 0}, "missing_lines": [], "excluded_lines": []}, "validate_coordinates": {"executed_lines": [100, 101, 103, 106, 109, 110, 112, 113, 115], "summary": {"covered_lines": 9, "num_statements": 11, "percent_covered": 81.81818181818181, "percent_covered_display": "82", "missing_lines": 2, "excluded_lines": 0}, "missing_lines": [104, 107], "excluded_lines": []}, "get_default_location": {"executed_lines": [129, 144, 145, 146, 147, 150, 152, 154, 155, 160, 161, 163], "summary": {"covered_lines": 12, "num_statements": 12, "percent_covered": 100.0, "percent_covered_display": "100", "missing_lines": 0, "excluded_lines": 0}, "missing_lines": [], "excluded_lines": []}, "process_location_data": {"executed_lines": [192, 193, 195, 196, 198, 207, 215, 221, 223, 233], "summary": {"covered_lines": 10, "num_statements": 10, "percent_covered": 100.0, "percent_covered_display": "100", "missing_lines": 0, "excluded_lines": 0}, "missing_lines": [], "excluded_lines": []}, "": {"executed_lines": [1, 6, 7, 9, 12, 65, 87, 118, 172], "summary": {"covered_lines": 8, "num_statements": 8, "percent_covered": 100.0, "percent_covered_display": "100", "missing_lines": 0, "excluded_lines": 0}, "missing_lines": [], "excluded_lines": []}}, "classes": {"": {"executed_lines": [1, 6, 7, 9, 12, 26, 28, 29, 31, 32, 33, 34, 36, 37, 39, 40, 41, 42, 44, 47, 48, 49, 50, 52, 54, 55, 57, 58, 59, 60, 62, 65, 74, 84, 87, 100, 101, 103, 106, 109, 110, 112, 113, 115, 118, 129, 144, 145, 146, 147, 150, 152, 154, 155, 160, 161, 163, 172, 192, 193, 195, 196, 198, 207, 215, 221, 223, 233], "summary": {"covered_lines": 67, "num_statements": 69, "percent_covered": 97.10144927536231, "percent_covered_display": "97", "missing_lines": 2, "excluded_lines": 0}, "missing_lines": [104, 107], "excluded_lines": []}}}, "bot/main.py": {"executed_lines": [1, 3, 4, 5, 6, 7, 9, 10, 11, 12, 13, 14, 16, 17, 18, 19, 22, 25, 26, 28, 30, 41, 42, 45, 46, 47, 48, 50, 53, 55, 56, 59, 60, 61, 62, 65, 66, 69, 70, 72, 74, 75, 79, 82, 94, 101, 102, 108, 110, 111, 112, 114, 116, 117, 119, 125, 126, 127, 128, 129, 131, 132, 134, 135, 137, 139, 140, 141, 147, 159, 162, 163, 164, 165, 168, 177, 185, 188, 189, 194, 197, 198, 200, 211, 212, 214, 225, 227, 228, 229, 231, 232, 233, 241, 242, 247, 249, 250, 251, 253, 256, 257, 258, 259, 263, 264, 266, 271, 272, 278, 281, 282, 285, 286, 289, 291, 293, 296, 300, 301, 306, 308, 311], "summary": {"covered_lines": 121, "num_statements": 125, "percent_covered": 96.8, "percent_covered_display": "97", "missing_lines": 4, "excluded_lines": 0}, "missing_lines": [142, 143, 144, 312], "excluded_lines": [], "functions": {"JsonFormatter.format": {"executed_lines": [30, 41, 42, 45, 46, 47, 48, 50], "summary": {"covered_lines": 8, "num_statements": 8, "percent_covered": 100.0, "percent_covered_display": "100", "missing_lines": 0, "excluded_lines": 0}, "missing_lines": [], "excluded_lines": []}, "configure_logging": {"executed_lines": [55, 56, 59, 60, 61, 62, 65, 66], "summary": {"covered_lines": 8, "num_statements": 8, "percent_covered": 100.0, "percent_covered_display": "100", "missing_lines": 0, "excluded_lines": 0}, "missing_lines": [], "excluded_lines": []}, "start_handler": {"executed_lines": [72, 74, 75, 79, 82, 94], "summary": {"covered_lines": 6, "num_statements": 6, "percent_covered": 100.0, "percent_covered_display": "100", "missing_lines": 0, "excluded_lines": 0}, "missing_lines": [], "excluded_lines": []}, "handle_webapp_data": {"executed_lines": [108, 110, 111, 112, 114, 116, 117, 119, 125, 126, 127, 128, 129, 131, 132, 134, 135, 137, 139, 140, 141], "summary": {"covered_lines": 21, "num_statements": 24, "percent_covered": 87.5, "percent_covered_display": "88", "missing_lines": 3, "excluded_lines": 0}, "missing_lines": [142, 143, 144], "excluded_lines": []}, "handle_create_profile": {"executed_lines": [159, 162, 163, 164, 165, 168, 177, 185, 188, 189, 194, 197, 198, 200, 211, 212, 214], "summary": {"covered_lines": 17, "num_statements": 17, "percent_covered": 100.0, "percent_covered_display": "100", "missing_lines": 0, "excluded_lines": 0}, "missing_lines": [], "excluded_lines": []}, "main": {"executed_lines": [227, 228, 229, 231, 232, 233, 241, 242, 247, 249, 250, 251, 253, 256, 257, 258, 259, 263, 264, 266, 271, 272, 278, 281, 282, 285, 286, 289, 293, 296, 300, 301, 306, 308], "summary": {"covered_lines": 34, "num_statements": 34, "percent_covered": 100.0, "percent_covered_display": "100", "missing_lines": 0, "excluded_lines": 0}, "missing_lines": [], "excluded_lines": []}, "main.noop": {"executed_lines": [291], "summary": {"covered_lines": 1, "num_statements": 1, "percent_covered": 100.0, "percent_covered_display": "100", "missing_lines": 0, "excluded_lines": 0}, "missing_lines": [], "excluded_lines": []}, "": {"executed_lines": [1, 3, 4, 5, 6, 7, 9, 10, 11, 12, 13, 14, 16, 17, 18, 19, 22, 25, 26, 28, 53, 69, 70, 101, 102, 147, 225, 311], "summary": {"covered_lines": 26, "num_statements": 27, "percent_covered": 96.29629629629629, "percent_covered_display": "96", "missing_lines": 1, "excluded_lines": 0}, "missing_lines": [312], "excluded_lines": []}}, "classes": {"JsonFormatter": {"executed_lines": [30, 41, 42, 45, 46, 47, 48, 50], "summary": {"covered_lines": 8, "num_statements": 8, "percent_covered": 100.0, "percent_covered_display": "100", "missing_lines": 0, "excluded_lines": 0}, "missing_lines": [], "excluded_lines": []}, "": {"executed_lines": [1, 3, 4, 5, 6, 7, 9, 10, 11, 12, 13, 14, 16, 17, 18, 19, 22, 25, 26, 28, 53, 55, 56, 59, 60, 61, 62, 65, 66, 69, 70, 72, 74, 75, 79, 82, 94, 101, 102, 108, 110, 111, 112, 114, 116, 117, 119, 125, 126, 127, 128, 129, 131, 132, 134, 135, 137, 139, 140, 141, 147, 159, 162, 163, 164, 165, 168, 177, 185, 188, 189, 194, 197, 198, 200, 211, 212, 214, 225, 227, 228, 229, 231, 232, 233, 241, 242, 247, 249, 250, 251, 253, 256, 257, 258, 259, 263, 264, 266, 271, 272, 278, 281, 282, 285, 286, 289, 291, 293, 296, 300, 301, 306, 308, 311], "summary": {"covered_lines": 113, "num_statements": 117, "percent_covered": 96.58119658119658, "percent_covered_display": "97", "missing_lines": 4, "excluded_lines": 0}, "missing_lines": [142, 143, 144, 312], "excluded_lines": []}}}, "bot/media.py": {"executed_lines": [1, 6, 7, 8, 9, 10, 11, 12, 13, 15, 18, 19, 20, 23, 24, 25, 28, 37, 38, 40, 41, 43, 46, 56, 57, 58, 59, 60, 61, 63, 66, 75, 76, 78, 81, 90, 92, 93, 96, 97, 99, 100, 105, 108, 120, 121, 124, 128, 129, 130, 133, 135, 138, 139, 140, 141, 142, 143, 148, 150, 159, 161, 162, 168, 171, 183, 184, 234, 235, 240, 252, 264, 270, 272, 275, 291, 294, 297, 300, 301, 304, 305, 306, 308, 319, 322, 344, 345, 346, 349, 350, 351, 354, 355, 356, 357, 360, 363, 365, 369, 371], "summary": {"covered_lines": 99, "num_statements": 125, "percent_covered": 79.2, "percent_covered_display": "79", "missing_lines": 26, "excluded_lines": 0}, "missing_lines": [146, 185, 186, 189, 190, 191, 194, 197, 198, 199, 201, 203, 206, 209, 210, 213, 215, 225, 229, 230, 231, 232, 242, 243, 249, 366], "excluded_lines": [], "functions": {"validate_photo_size": {"executed_lines": [37, 38, 40, 41, 43], "summary": {"covered_lines": 5, "num_statements": 5, "percent_covered": 100.0, "percent_covered_display": "100", "missing_lines": 0, "excluded_lines": 0}, "missing_lines": [], "excluded_lines": []}, "detect_mime_type": {"executed_lines": [56, 57, 58, 59, 60, 61, 63], "summary": {"covered_lines": 7, "num_statements": 7, "percent_covered": 100.0, "percent_covered_display": "100", "missing_lines": 0, "excluded_lines": 0}, "missing_lines": [], "excluded_lines": []}, "validate_mime_type": {"executed_lines": [75, 76, 78], "summary": {"covered_lines": 3, "num_statements": 3, "percent_covered": 100.0, "percent_covered_display": "100", "missing_lines": 0, "excluded_lines": 0}, "missing_lines": [], "excluded_lines": []}, "decode_base64_photo": {"executed_lines": [90, 92, 93, 96, 97, 99, 100, 105], "summary": {"covered_lines": 8, "num_statements": 8, "percent_covered": 100.0, "percent_covered_display": "100", "missing_lines": 0, "excluded_lines": 0}, "missing_lines": [], "excluded_lines": []}, "remove_exif_data": {"executed_lines": [120, 121, 124, 128, 129, 130, 133, 135, 138, 139, 140, 141, 142, 143, 148, 150, 159, 161, 162, 168], "summary": {"covered_lines": 20, "num_statements": 21, "percent_covered": 95.23809523809524, "percent_covered_display": "95", "missing_lines": 1, "excluded_lines": 0}, "missing_lines": [146], "excluded_lines": []}, "calculate_nsfw_score": {"executed_lines": [183, 184, 234, 235, 240], "summary": {"covered_lines": 5, "num_statements": 29, "percent_covered": 17.24137931034483, "percent_covered_display": "17", "missing_lines": 24, "excluded_lines": 0}, "missing_lines": [185, 186, 189, 190, 191, 194, 197, 198, 199, 201, 203, 206, 209, 210, 213, 215, 225, 229, 230, 231, 232, 242, 243, 249], "excluded_lines": []}, "generate_photo_filename": {"executed_lines": [264, 270, 272], "summary": {"covered_lines": 3, "num_statements": 3, "percent_covered": 100.0, "percent_covered_display": "100", "missing_lines": 0, "excluded_lines": 0}, "missing_lines": [], "excluded_lines": []}, "save_photo_to_storage": {"executed_lines": [291, 294, 297, 300, 301, 304, 305, 306, 308, 319], "summary": {"covered_lines": 10, "num_statements": 10, "percent_covered": 100.0, "percent_covered_display": "100", "missing_lines": 0, "excluded_lines": 0}, "missing_lines": [], "excluded_lines": []}, "validate_and_process_photo": {"executed_lines": [344, 345, 346, 349, 350, 351, 354, 355, 356, 357, 360, 363, 365, 369, 371], "summary": {"covered_lines": 15, "num_statements": 16, "percent_covered": 93.75, "percent_covered_display": "94", "missing_lines": 1, "excluded_lines": 0}, "missing_lines": [366], "excluded_lines": []}, "": {"executed_lines": [1, 6, 7, 8, 9, 10, 11, 12, 13, 15, 18, 19, 20, 23, 24, 25, 28, 46, 66, 81, 108, 171, 252, 275, 322], "summary": {"covered_lines": 23, "num_statements": 23, "percent_covered": 100.0, "percent_covered_display": "100", "missing_lines": 0, "excluded_lines": 0}, "missing_lines": [], "excluded_lines": []}}, "classes": {"PhotoValidationError": {"executed_lines": [], "summary": {"covered_lines": 0, "num_statements": 0, "percent_covered": 100.0, "percent_covered_display": "100", "missing_lines": 0, "excluded_lines": 0}, "missing_lines": [], "excluded_lines": []}, "": {"executed_lines": [1, 6, 7, 8, 9, 10, 11, 12, 13, 15, 18, 19, 20, 23, 24, 25, 28, 37, 38, 40, 41, 43, 46, 56, 57, 58, 59, 60, 61, 63, 66, 75, 76, 78, 81, 90, 92, 93, 96, 97, 99, 100, 105, 108, 120, 121, 124, 128, 129, 130, 133, 135, 138, 139, 140, 141, 142, 143, 148, 150, 159, 161, 162, 168, 171, 183, 184, 234, 235, 240, 252, 264, 270, 272, 275, 291, 294, 297, 300, 301, 304, 305, 306, 308, 319, 322, 344, 345, 346, 349, 350, 351, 354, 355, 356, 357, 360, 363, 365, 369, 371], "summary": {"covered_lines": 99, "num_statements": 125, "percent_covered": 79.2, "percent_covered_display": "79", "missing_lines": 26, "excluded_lines": 0}, "missing_lines": [146, 185, 186, 189, 190, 191, 194, 197, 198, 199, 201, 203, 206, 209, 210, 213, 215, 225, 229, 230, 231, 232, 242, 243, 249, 366], "excluded_lines": []}}}, "bot/repository.py": {"executed_lines": [1, 7, 8, 9, 11, 12, 14, 15, 17, 18, 21, 22, 24, 30, 32, 53, 56, 58, 60, 61, 62, 63, 64, 66, 72, 79, 80, 82, 87, 89, 98, 101, 103, 113, 140, 141, 143, 148, 150, 159, 162, 164, 174, 176, 177, 180, 185, 186, 188, 190, 195, 197, 223, 234, 235, 237, 242, 244, 253, 258, 260, 270, 273, 275, 276, 278, 280, 285, 287, 326, 327, 331, 334, 337, 345, 346, 349, 353, 358, 361, 364, 367, 370, 373, 376, 380, 384, 386, 387, 390, 391, 392, 393, 395, 405, 407, 426, 432, 434, 436, 437, 438, 449, 454, 455, 457, 467, 469, 480, 487, 489, 503, 504, 507, 513, 515, 516, 525, 528, 529, 530, 533, 534, 536, 546, 548, 565, 566, 567, 571, 575, 578, 580, 581, 584, 585, 590, 591, 592, 593, 594, 595, 598, 600, 609, 611, 624, 630, 632, 633, 641, 644, 645, 646, 649, 651, 661, 663, 673, 680, 682, 684, 686, 695, 697, 714, 715, 716, 720, 722, 725, 727, 728, 731, 732, 737, 738, 739, 740, 741, 744, 746, 755], "summary": {"covered_lines": 181, "num_statements": 202, "percent_covered": 89.60396039603961, "percent_covered_display": "90", "missing_lines": 21, "excluded_lines": 0}, "missing_lines": [328, 350, 351, 354, 355, 359, 362, 365, 368, 371, 374, 377, 381, 568, 576, 586, 587, 717, 723, 733, 734], "excluded_lines": [], "functions": {"ProfileRepository.__init__": {"executed_lines": [30], "summary": {"covered_lines": 1, "num_statements": 1, "percent_covered": 100.0, "percent_covered_display": "100", "missing_lines": 0, "excluded_lines": 0}, "missing_lines": [], "excluded_lines": []}, "ProfileRepository.create_or_update_user": {"executed_lines": [53, 56, 58, 60, 61, 62, 63, 64, 66, 72, 79, 80, 82, 87], "summary": {"covered_lines": 14, "num_statements": 14, "percent_covered": 100.0, "percent_covered_display": "100", "missing_lines": 0, "excluded_lines": 0}, "missing_lines": [], "excluded_lines": []}, "ProfileRepository.get_user_by_tg_id": {"executed_lines": [98, 101], "summary": {"covered_lines": 2, "num_statements": 2, "percent_covered": 100.0, "percent_covered_display": "100", "missing_lines": 0, "excluded_lines": 0}, "missing_lines": [], "excluded_lines": []}, "ProfileRepository.create_profile": {"executed_lines": [113, 140, 141, 143, 148], "summary": {"covered_lines": 5, "num_statements": 5, "percent_covered": 100.0, "percent_covered_display": "100", "missing_lines": 0, "excluded_lines": 0}, "missing_lines": [], "excluded_lines": []}, "ProfileRepository.get_profile_by_user_id": {"executed_lines": [159, 162], "summary": {"covered_lines": 2, "num_statements": 2, "percent_covered": 100.0, "percent_covered_display": "100", "missing_lines": 0, "excluded_lines": 0}, "missing_lines": [], "excluded_lines": []}, "ProfileRepository.update_profile": {"executed_lines": [174, 176, 177, 180, 185, 186, 188, 190, 195], "summary": {"covered_lines": 9, "num_statements": 9, "percent_covered": 100.0, "percent_covered_display": "100", "missing_lines": 0, "excluded_lines": 0}, "missing_lines": [], "excluded_lines": []}, "ProfileRepository.add_photo": {"executed_lines": [223, 234, 235, 237, 242], "summary": {"covered_lines": 5, "num_statements": 5, "percent_covered": 100.0, "percent_covered_display": "100", "missing_lines": 0, "excluded_lines": 0}, "missing_lines": [], "excluded_lines": []}, "ProfileRepository.get_user_photos": {"executed_lines": [253, 258], "summary": {"covered_lines": 2, "num_statements": 2, "percent_covered": 100.0, "percent_covered_display": "100", "missing_lines": 0, "excluded_lines": 0}, "missing_lines": [], "excluded_lines": []}, "ProfileRepository.delete_photo": {"executed_lines": [270, 273, 275, 276, 278, 280, 285], "summary": {"covered_lines": 7, "num_statements": 7, "percent_covered": 100.0, "percent_covered_display": "100", "missing_lines": 0, "excluded_lines": 0}, "missing_lines": [], "excluded_lines": []}, "ProfileRepository.find_candidates": {"executed_lines": [326, 327, 331, 334, 337, 345, 346, 349, 353, 358, 361, 364, 367, 370, 373, 376, 380, 384, 386, 387, 390, 391, 392, 393, 395, 405], "summary": {"covered_lines": 26, "num_statements": 39, "percent_covered": 66.66666666666667, "percent_covered_display": "67", "missing_lines": 13, "excluded_lines": 0}, "missing_lines": [328, 350, 351, 354, 355, 359, 362, 365, 368, 371, 374, 377, 381], "excluded_lines": []}, "ProfileRepository.create_interaction": {"executed_lines": [426, 432, 434, 436, 437, 438, 449, 454, 455, 457, 467], "summary": {"covered_lines": 11, "num_statements": 11, "percent_covered": 100.0, "percent_covered_display": "100", "missing_lines": 0, "excluded_lines": 0}, "missing_lines": [], "excluded_lines": []}, "ProfileRepository.check_mutual_like": {"executed_lines": [480, 487], "summary": {"covered_lines": 2, "num_statements": 2, "percent_covered": 100.0, "percent_covered_display": "100", "missing_lines": 0, "excluded_lines": 0}, "missing_lines": [], "excluded_lines": []}, "ProfileRepository.create_match": {"executed_lines": [503, 504, 507, 513, 515, 516, 525, 528, 529, 530, 533, 534, 536, 546], "summary": {"covered_lines": 14, "num_statements": 14, "percent_covered": 100.0, "percent_covered_display": "100", "missing_lines": 0, "excluded_lines": 0}, "missing_lines": [], "excluded_lines": []}, "ProfileRepository.get_matches": {"executed_lines": [565, 566, 567, 571, 575, 578, 580, 581, 584, 585, 590, 591, 592, 593, 594, 595, 598, 600, 609], "summary": {"covered_lines": 19, "num_statements": 23, "percent_covered": 82.6086956521739, "percent_covered_display": "83", "missing_lines": 4, "excluded_lines": 0}, "missing_lines": [568, 576, 586, 587], "excluded_lines": []}, "ProfileRepository.add_favorite": {"executed_lines": [624, 630, 632, 633, 641, 644, 645, 646, 649, 651, 661], "summary": {"covered_lines": 11, "num_statements": 11, "percent_covered": 100.0, "percent_covered_display": "100", "missing_lines": 0, "excluded_lines": 0}, "missing_lines": [], "excluded_lines": []}, "ProfileRepository.remove_favorite": {"executed_lines": [673, 680, 682, 684, 686, 695], "summary": {"covered_lines": 6, "num_statements": 6, "percent_covered": 100.0, "percent_covered_display": "100", "missing_lines": 0, "excluded_lines": 0}, "missing_lines": [], "excluded_lines": []}, "ProfileRepository.get_favorites": {"executed_lines": [714, 715, 716, 720, 722, 725, 727, 728, 731, 732, 737, 738, 739, 740, 741, 744, 746, 755], "summary": {"covered_lines": 18, "num_statements": 22, "percent_covered": 81.81818181818181, "percent_covered_display": "82", "missing_lines": 4, "excluded_lines": 0}, "missing_lines": [717, 723, 733, 734], "excluded_lines": []}, "": {"executed_lines": [1, 7, 8, 9, 11, 12, 14, 15, 17, 18, 21, 22, 24, 32, 89, 103, 150, 164, 197, 244, 260, 287, 407, 469, 489, 548, 611, 663, 697], "summary": {"covered_lines": 27, "num_statements": 27, "percent_covered": 100.0, "percent_covered_display": "100", "missing_lines": 0, "excluded_lines": 0}, "missing_lines": [], "excluded_lines": []}}, "classes": {"ProfileRepository": {"executed_lines": [30, 53, 56, 58, 60, 61, 62, 63, 64, 66, 72, 79, 80, 82, 87, 98, 101, 113, 140, 141, 143, 148, 159, 162, 174, 176, 177, 180, 185, 186, 188, 190, 195, 223, 234, 235, 237, 242, 253, 258, 270, 273, 275, 276, 278, 280, 285, 326, 327, 331, 334, 337, 345, 346, 349, 353, 358, 361, 364, 367, 370, 373, 376, 380, 384, 386, 387, 390, 391, 392, 393, 395, 405, 426, 432, 434, 436, 437, 438, 449, 454, 455, 457, 467, 480, 487, 503, 504, 507, 513, 515, 516, 525, 528, 529, 530, 533, 534, 536, 546, 565, 566, 567, 571, 575, 578, 580, 581, 584, 585, 590, 591, 592, 593, 594, 595, 598, 600, 609, 624, 630, 632, 633, 641, 644, 645, 646, 649, 651, 661, 673, 680, 682, 684, 686, 695, 714, 715, 716, 720, 722, 725, 727, 728, 731, 732, 737, 738, 739, 740, 741, 744, 746, 755], "summary": {"covered_lines": 154, "num_statements": 175, "percent_covered": 88.0, "percent_covered_display": "88", "missing_lines": 21, "excluded_lines": 0}, "missing_lines": [328, 350, 351, 354, 355, 359, 362, 365, 368, 371, 374, 377, 381, 568, 576, 586, 587, 717, 723, 733, 734], "excluded_lines": []}, "": {"executed_lines": [1, 7, 8, 9, 11, 12, 14, 15, 17, 18, 21, 22, 24, 32, 89, 103, 150, 164, 197, 244, 260, 287, 407, 469, 489, 548, 611, 663, 697], "summary": {"covered_lines": 27, "num_statements": 27, "percent_covered": 100.0, "percent_covered_display": "100", "missing_lines": 0, "excluded_lines": 0}, "missing_lines": [], "excluded_lines": []}}}, "bot/security.py": {"executed_lines": [1, 6, 7, 8, 9, 10, 11, 12, 13, 15, 17, 20, 21, 24, 25, 26, 29, 54, 55, 56, 58, 62, 63, 73, 74, 75, 79, 82, 83, 84, 88, 90, 91, 92, 93, 97, 100, 101, 103, 104, 112, 116, 117, 121, 125, 126, 129, 136, 143, 144, 151, 154, 156, 157, 158, 168, 169, 176, 187, 190, 208, 209, 211, 219, 220, 222, 224, 234, 237, 254, 255, 268, 276, 278, 279, 283, 285, 286, 291, 294, 320, 323, 324, 325, 329, 333, 343, 351], "summary": {"covered_lines": 86, "num_statements": 98, "percent_covered": 87.75510204081633, "percent_covered_display": "88", "missing_lines": 12, "excluded_lines": 0}, "missing_lines": [59, 64, 65, 70, 159, 160, 170, 171, 172, 174, 327, 330], "excluded_lines": [], "functions": {"validate_webapp_init_data": {"executed_lines": [54, 55, 56, 58, 62, 63, 73, 74, 75, 79, 82, 83, 84, 88, 90, 91, 92, 93, 97, 100, 101, 103, 104, 112, 116, 117, 121, 125, 126, 129, 136, 143, 144, 151, 154, 156, 157, 158, 168, 169, 176, 187], "summary": {"covered_lines": 42, "num_statements": 52, "percent_covered": 80.76923076923077, "percent_covered_display": "81", "missing_lines": 10, "excluded_lines": 0}, "missing_lines": [59, 64, 65, 70, 159, 160, 170, 171, 172, 174], "excluded_lines": []}, "generate_jwt_token": {"executed_lines": [208, 209, 211, 219, 220, 222, 224, 234], "summary": {"covered_lines": 8, "num_statements": 8, "percent_covered": 100.0, "percent_covered_display": "100", "missing_lines": 0, "excluded_lines": 0}, "missing_lines": [], "excluded_lines": []}, "validate_jwt_token": {"executed_lines": [254, 255, 268, 276, 278, 279, 283, 285, 286, 291], "summary": {"covered_lines": 10, "num_statements": 10, "percent_covered": 100.0, "percent_covered_display": "100", "missing_lines": 0, "excluded_lines": 0}, "missing_lines": [], "excluded_lines": []}, "refresh_session": {"executed_lines": [320, 323, 324, 325, 329, 333, 343, 351], "summary": {"covered_lines": 8, "num_statements": 10, "percent_covered": 80.0, "percent_covered_display": "80", "missing_lines": 2, "excluded_lines": 0}, "missing_lines": [327, 330], "excluded_lines": []}, "": {"executed_lines": [1, 6, 7, 8, 9, 10, 11, 12, 13, 15, 17, 20, 21, 24, 25, 26, 29, 190, 237, 294], "summary": {"covered_lines": 18, "num_statements": 18, "percent_covered": 100.0, "percent_covered_display": "100", "missing_lines": 0, "excluded_lines": 0}, "missing_lines": [], "excluded_lines": []}}, "classes": {"ValidationError": {"executed_lines": [], "summary": {"covered_lines": 0, "num_statements": 0, "percent_covered": 100.0, "percent_covered_display": "100", "missing_lines": 0, "excluded_lines": 0}, "missing_lines": [], "excluded_lines": []}, "": {"executed_lines": [1, 6, 7, 8, 9, 10, 11, 12, 13, 15, 17, 20, 21, 24, 25, 26, 29, 54, 55, 56, 58, 62, 63, 73, 74, 75, 79, 82, 83, 84, 88, 90, 91, 92, 93, 97, 100, 101, 103, 104, 112, 116, 117, 121, 125, 126, 129, 136, 143, 144, 151, 154, 156, 157, 158, 168, 169, 176, 187, 190, 208, 209, 211, 219, 220, 222, 224, 234, 237, 254, 255, 268, 276, 278, 279, 283, 285, 286, 291, 294, 320, 323, 324, 325, 329, 333, 343, 351], "summary": {"covered_lines": 86, "num_statements": 98, "percent_covered": 87.75510204081633, "percent_covered_display": "88", "missing_lines": 12, "excluded_lines": 0}, "missing_lines": [59, 64, 65, 70, 159, 160, 170, 171, 172, 174, 327, 330], "excluded_lines": []}}}, "bot/validation.py": {"executed_lines": [1, 6, 7, 9, 12, 13, 14, 17, 19, 20, 22, 24, 27, 36, 37, 39, 42, 44, 45, 47, 48, 50, 53, 62, 65, 68, 69, 71, 73, 74, 76, 77, 79, 82, 91, 94, 96, 97, 99, 102, 111, 114, 116, 117, 119, 122, 131, 134, 136, 137, 139, 142, 151, 152, 154, 157, 158, 160, 163, 172, 173, 175, 178, 179, 181, 182, 185, 186, 188, 191, 200, 201, 203, 206, 207, 209, 212, 221, 222, 224, 226, 227, 229, 232, 242, 243, 246, 247, 249, 250, 253, 254, 256, 259, 278, 279, 280, 281, 284, 285, 286, 289, 290, 291, 292, 293, 294, 296, 297, 298, 301, 302, 306, 307, 311, 312, 316, 317, 318, 321, 322, 323, 326, 327, 328, 331, 332, 333, 337, 338, 339, 340, 343], "summary": {"covered_lines": 131, "num_statements": 152, "percent_covered": 86.1842105263158, "percent_covered_display": "86", "missing_lines": 21, "excluded_lines": 0}, "missing_lines": [23, 40, 63, 66, 92, 112, 132, 155, 176, 183, 204, 244, 251, 303, 308, 313, 319, 324, 329, 334, 341], "excluded_lines": [], "functions": {"calculate_age": {"executed_lines": [19, 20, 22, 24], "summary": {"covered_lines": 4, "num_statements": 5, "percent_covered": 80.0, "percent_covered_display": "80", "missing_lines": 1, "excluded_lines": 0}, "missing_lines": [23], "excluded_lines": []}, "validate_name": {"executed_lines": [36, 37, 39, 42, 44, 45, 47, 48, 50], "summary": {"covered_lines": 9, "num_statements": 10, "percent_covered": 90.0, "percent_covered_display": "90", "missing_lines": 1, "excluded_lines": 0}, "missing_lines": [40], "excluded_lines": []}, "validate_birth_date": {"executed_lines": [62, 65, 68, 69, 71, 73, 74, 76, 77, 79], "summary": {"covered_lines": 10, "num_statements": 12, "percent_covered": 83.33333333333333, "percent_covered_display": "83", "missing_lines": 2, "excluded_lines": 0}, "missing_lines": [63, 66], "excluded_lines": []}, "validate_gender": {"executed_lines": [91, 94, 96, 97, 99], "summary": {"covered_lines": 5, "num_statements": 6, "percent_covered": 83.33333333333333, "percent_covered_display": "83", "missing_lines": 1, "excluded_lines": 0}, "missing_lines": [92], "excluded_lines": []}, "validate_orientation": {"executed_lines": [111, 114, 116, 117, 119], "summary": {"covered_lines": 5, "num_statements": 6, "percent_covered": 83.33333333333333, "percent_covered_display": "83", "missing_lines": 1, "excluded_lines": 0}, "missing_lines": [112], "excluded_lines": []}, "validate_goal": {"executed_lines": [131, 134, 136, 137, 139], "summary": {"covered_lines": 5, "num_statements": 6, "percent_covered": 83.33333333333333, "percent_covered_display": "83", "missing_lines": 1, "excluded_lines": 0}, "missing_lines": [132], "excluded_lines": []}, "validate_bio": {"executed_lines": [151, 152, 154, 157, 158, 160], "summary": {"covered_lines": 6, "num_statements": 7, "percent_covered": 85.71428571428571, "percent_covered_display": "86", "missing_lines": 1, "excluded_lines": 0}, "missing_lines": [155], "excluded_lines": []}, "validate_interests": {"executed_lines": [172, 173, 175, 178, 179, 181, 182, 185, 186, 188], "summary": {"covered_lines": 10, "num_statements": 12, "percent_covered": 83.33333333333333, "percent_covered_display": "83", "missing_lines": 2, "excluded_lines": 0}, "missing_lines": [176, 183], "excluded_lines": []}, "validate_height": {"executed_lines": [200, 201, 203, 206, 207, 209], "summary": {"covered_lines": 6, "num_statements": 7, "percent_covered": 85.71428571428571, "percent_covered_display": "86", "missing_lines": 1, "excluded_lines": 0}, "missing_lines": [204], "excluded_lines": []}, "validate_education": {"executed_lines": [221, 222, 224, 226, 227, 229], "summary": {"covered_lines": 6, "num_statements": 6, "percent_covered": 100.0, "percent_covered_display": "100", "missing_lines": 0, "excluded_lines": 0}, "missing_lines": [], "excluded_lines": []}, "validate_location": {"executed_lines": [242, 243, 246, 247, 249, 250, 253, 254, 256], "summary": {"covered_lines": 9, "num_statements": 11, "percent_covered": 81.81818181818181, "percent_covered_display": "82", "missing_lines": 2, "excluded_lines": 0}, "missing_lines": [244, 251], "excluded_lines": []}, "validate_profile_data": {"executed_lines": [278, 279, 280, 281, 284, 285, 286, 289, 290, 291, 292, 293, 294, 296, 297, 298, 301, 302, 306, 307, 311, 312, 316, 317, 318, 321, 322, 323, 326, 327, 328, 331, 332, 333, 337, 338, 339, 340, 343], "summary": {"covered_lines": 39, "num_statements": 47, "percent_covered": 82.97872340425532, "percent_covered_display": "83", "missing_lines": 8, "excluded_lines": 0}, "missing_lines": [303, 308, 313, 319, 324, 329, 334, 341], "excluded_lines": []}, "": {"executed_lines": [1, 6, 7, 9, 12, 13, 14, 17, 27, 53, 82, 102, 122, 142, 163, 191, 212, 232, 259], "summary": {"covered_lines": 17, "num_statements": 17, "percent_covered": 100.0, "percent_covered_display": "100", "missing_lines": 0, "excluded_lines": 0}, "missing_lines": [], "excluded_lines": []}}, "classes": {"ValidationError": {"executed_lines": [], "summary": {"covered_lines": 0, "num_statements": 0, "percent_covered": 100.0, "percent_covered_display": "100", "missing_lines": 0, "excluded_lines": 0}, "missing_lines": [], "excluded_lines": []}, "": {"executed_lines": [1, 6, 7, 9, 12, 13, 14, 17, 19, 20, 22, 24, 27, 36, 37, 39, 42, 44, 45, 47, 48, 50, 53, 62, 65, 68, 69, 71, 73, 74, 76, 77, 79, 82, 91, 94, 96, 97, 99, 102, 111, 114, 116, 117, 119, 122, 131, 134, 136, 137, 139, 142, 151, 152, 154, 157, 158, 160, 163, 172, 173, 175, 178, 179, 181, 182, 185, 186, 188, 191, 200, 201, 203, 206, 207, 209, 212, 221, 222, 224, 226, 227, 229, 232, 242, 243, 246, 247, 249, 250, 253, 254, 256, 259, 278, 279, 280, 281, 284, 285, 286, 289, 290, 291, 292, 293, 294, 296, 297, 298, 301, 302, 306, 307, 311, 312, 316, 317, 318, 321, 322, 323, 326, 327, 328, 331, 332, 333, 337, 338, 339, 340, 343], "summary": {"covered_lines": 131, "num_statements": 152, "percent_covered": 86.1842105263158, "percent_covered_display": "86", "missing_lines": 21, "excluded_lines": 0}, "missing_lines": [23, 40, 63, 66, 92, 112, 132, 155, 176, 183, 204, 244, 251, 303, 308, 313, 319, 324, 329, 334, 341], "excluded_lines": []}}}}, "totals": {"covered_lines": 1198, "num_statements": 1473, "percent_covered": 81.3306177868296, "percent_covered_display": "81", "missing_lines": 275, "excluded_lines": 2}}